<?xml version="1.0" encoding="UTF-8"?>
<!-- Generated by org.testng.reporters.JUnitXMLReporter -->
<testsuite hostname="LAPTOP-K3D24C07" ignored="2" name="Test" tests="1" failures="0" timestamp="2022-06-06T08:37:30 IST" time="6.12" errors="0">
  <testcase name="login" time="3.554" classname="com.flipkart.testng.TC_LoginTest_001"/>
  <testcase name="@BeforeTest setUp" time="0.0" classname="com.flipkart.testng.BaseClass">
    <ignored/>
  </testcase> <!-- @BeforeTest setUp -->
  <testcase name="@AfterTest tearDown" time="0.0" classname="com.flipkart.testng.BaseClass">
    <ignored/>
  </testcase> <!-- @AfterTest tearDown -->
</testsuite> <!-- Test -->
