<?xml version="1.0" encoding="UTF-8"?>
<testng-results skipped="0" failed="0" ignored="2" total="3" passed="1">
  <reporter-output>
  </reporter-output>
  <suite name="Suite" duration-ms="6120" started-at="2022-06-06T08:37:24 IST" finished-at="2022-06-06T08:37:30 IST">
    <groups>
    </groups>
    <test name="Test" duration-ms="6120" started-at="2022-06-06T08:37:24 IST" finished-at="2022-06-06T08:37:30 IST">
      <class name="com.flipkart.testng.TC_LoginTest_001">
        <test-method status="PASS" signature="setUp()[pri:0, instance:com.flipkart.testng.TC_LoginTest_001@2db7a79b]" name="setUp" is-config="true" duration-ms="1855" started-at="2022-06-06T08:37:24 IST" finished-at="2022-06-06T08:37:26 IST">
          <reporter-output>
          </reporter-output>
        </test-method> <!-- setUp -->
        <test-method status="PASS" signature="login()[pri:0, instance:com.flipkart.testng.TC_LoginTest_001@2db7a79b]" name="login" duration-ms="3554" started-at="2022-06-06T08:37:26 IST" finished-at="2022-06-06T08:37:30 IST">
          <reporter-output>
          </reporter-output>
        </test-method> <!-- login -->
        <test-method status="PASS" signature="tearDown()[pri:0, instance:com.flipkart.testng.TC_LoginTest_001@2db7a79b]" name="tearDown" is-config="true" duration-ms="678" started-at="2022-06-06T08:37:30 IST" finished-at="2022-06-06T08:37:30 IST">
          <reporter-output>
          </reporter-output>
        </test-method> <!-- tearDown -->
      </class> <!-- com.flipkart.testng.TC_LoginTest_001 -->
    </test> <!-- Test -->
  </suite> <!-- Suite -->
</testng-results>
